<?xml version="1.0" encoding="UTF-8"?>
<!-- Generated by org.testng.reporters.JUnitReportReporter -->
<testsuite hostname="DESKTOP-KJ2AQ4I" failures="0" tests="1" name="Appiumframework.testcase1" time="85.670" errors="0" timestamp="2022-12-11T17:04:53 IST" skipped="0">
  <testcase classname="Appiumframework.testcase1" name="tc1" time="85.670"/>
  <system-out/>
</testsuite> <!-- Appiumframework.testcase1 -->
